<?xml version="1.0" encoding="UTF-8"?>
<!-- Generated by org.testng.reporters.JUnitXMLReporter -->
<testsuite hostname="P190493L" ignored="0" name="Test" tests="4" failures="0" timestamp="2020-12-28T16:44:39 CST" time="67.632" errors="0">
  <testcase name="Cotacts" time="8.837" classname="com.pages.ContactsPage"/>
  <testcase name="DentalQuotes" time="11.237" classname="com.pages.DentalPage"/>
  <testcase name="BasepageNavigation" time="9.495" classname="com.pages.Homepage"/>
  <testcase name="BasepageNavigation" time="7.679" classname="com.pages.Homepage"/>
</testsuite> <!-- Test -->
