<?xml version="1.0" encoding="UTF-8"?>
<testng-results skipped="0" failed="0" ignored="0" total="3" passed="3">
  <reporter-output>
  </reporter-output>
  <suite name="Suite" duration-ms="27443" started-at="2021-11-17T16:24:49 CST" finished-at="2021-11-17T16:25:16 CST">
    <groups>
      <group name="Smoke">
        <method signature="Contacts.Contacts_04()[pri:0, instance:com.pages.Contacts@593aaf41]" name="Contacts_04" class="com.pages.Contacts"/>
        <method signature="Careers.AboutUs_TC06()[pri:0, instance:com.pages.Careers@6253c26]" name="AboutUs_TC06" class="com.pages.Careers"/>
        <method signature="Careers.Careers_TC05()[pri:0, instance:com.pages.Careers@6253c26]" name="Careers_TC05" class="com.pages.Careers"/>
      </group> <!-- Smoke -->
    </groups>
    <test name="Contacts" duration-ms="18370" started-at="2021-11-17T16:24:49 CST" finished-at="2021-11-17T16:25:07 CST">
      <class name="com.pages.Contacts">
        <test-method status="PASS" signature="setupNintializeDriver()[pri:0, instance:com.pages.Contacts@593aaf41]" name="setupNintializeDriver" is-config="true" duration-ms="7219" started-at="2021-11-17T16:24:49 CST" finished-at="2021-11-17T16:24:56 CST">
          <reporter-output>
          </reporter-output>
        </test-method> <!-- setupNintializeDriver -->
        <test-method status="PASS" signature="Contacts_04()[pri:0, instance:com.pages.Contacts@593aaf41]" name="Contacts_04" duration-ms="10446" started-at="2021-11-17T16:24:56 CST" finished-at="2021-11-17T16:25:07 CST">
          <reporter-output>
          </reporter-output>
        </test-method> <!-- Contacts_04 -->
        <test-method status="PASS" signature="teardown()[pri:0, instance:com.pages.Contacts@593aaf41]" name="teardown" is-config="true" duration-ms="641" started-at="2021-11-17T16:25:07 CST" finished-at="2021-11-17T16:25:07 CST">
          <reporter-output>
          </reporter-output>
        </test-method> <!-- teardown -->
      </class> <!-- com.pages.Contacts -->
    </test> <!-- Contacts -->
    <test name="Careers" duration-ms="8832" started-at="2021-11-17T16:25:07 CST" finished-at="2021-11-17T16:25:16 CST">
      <class name="com.pages.Careers">
        <test-method status="PASS" signature="setupNintializeDriver()[pri:0, instance:com.pages.Careers@6253c26]" name="setupNintializeDriver" is-config="true" duration-ms="3662" started-at="2021-11-17T16:25:07 CST" finished-at="2021-11-17T16:25:11 CST">
          <reporter-output>
          </reporter-output>
        </test-method> <!-- setupNintializeDriver -->
        <test-method status="PASS" signature="AboutUs_TC06()[pri:0, instance:com.pages.Careers@6253c26]" name="AboutUs_TC06" duration-ms="2314" started-at="2021-11-17T16:25:11 CST" finished-at="2021-11-17T16:25:13 CST">
          <reporter-output>
          </reporter-output>
        </test-method> <!-- AboutUs_TC06 -->
        <test-method status="PASS" signature="Careers_TC05()[pri:0, instance:com.pages.Careers@6253c26]" name="Careers_TC05" duration-ms="2219" started-at="2021-11-17T16:25:13 CST" finished-at="2021-11-17T16:25:16 CST">
          <reporter-output>
          </reporter-output>
        </test-method> <!-- Careers_TC05 -->
        <test-method status="PASS" signature="teardown()[pri:0, instance:com.pages.Careers@6253c26]" name="teardown" is-config="true" duration-ms="632" started-at="2021-11-17T16:25:16 CST" finished-at="2021-11-17T16:25:16 CST">
          <reporter-output>
          </reporter-output>
        </test-method> <!-- teardown -->
      </class> <!-- com.pages.Careers -->
    </test> <!-- Careers -->
  </suite> <!-- Suite -->
</testng-results>
